<?xml version="1.0" encoding="UTF-8"?>
<!-- Generated by org.testng.reporters.JUnitReportReporter -->
<testsuite skipped="0" hostname="DESKTOP-D6P93GQ" name="com.runners.SalesforceRunner" tests="5" failures="0" timestamp="2023-03-04T17:00:31 PST" time="156.687" errors="0">
  <testcase name="runScenario" time="30.743" classname="com.runners.SalesforceRunner"/>
  <system-out/>
  <testcase name="runScenario" time="47.405" classname="com.runners.SalesforceRunner"/>
  <system-out/>
  <testcase name="runScenario" time="21.990" classname="com.runners.SalesforceRunner"/>
  <system-out/>
  <testcase name="runScenario" time="35.736" classname="com.runners.SalesforceRunner"/>
  <system-out/>
  <testcase name="runScenario" time="20.813" classname="com.runners.SalesforceRunner"/>
  <system-out/>
</testsuite> <!-- com.runners.SalesforceRunner -->
